#
# There is insufficient memory for the Java Runtime Environment to continue.
# Native memory allocation (mmap) failed to map 65536 bytes for Failed to commit metaspace.
# Possible reasons:
#   The system is out of physical RAM or swap space
#   The process is running with CompressedOops enabled, and the Java Heap may be blocking the growth of the native heap
# Possible solutions:
#   Reduce memory load on the system
#   Increase physical memory or swap space
#   Check if swap backing store is full
#   Decrease Java heap size (-Xmx/-Xms)
#   Decrease number of Java threads
#   Decrease Java thread stack sizes (-Xss)
#   Set larger code cache with -XX:ReservedCodeCacheSize=
#   JVM is running with Zero Based Compressed Oops mode in which the Java heap is
#     placed in the first 32GB address space. The Java Heap base address is the
#     maximum limit for the native heap growth. Please use -XX:HeapBaseMinAddress
#     to set the Java Heap base and to place the Java Heap above 32GB virtual address.
# This output file may be truncated or incomplete.
#
#  Out of Memory Error (virtualSpaceNode.cpp:108), pid=28228, tid=22008
#
# JRE version: Java(TM) SE Runtime Environment (16.0.2+7) (build 16.0.2+7-67)
# Java VM: Java HotSpot(TM) 64-Bit Server VM (16.0.2+7-67, mixed mode, tiered, compressed oops, compressed class ptrs, g1 gc, windows-amd64)
# No core dump will be written. Minidumps are not enabled by default on client versions of Windows
#

---------------  S U M M A R Y ------------

Command Line: -Dclassworlds.conf=C:\Maven\bin\..\bin\m2.conf -Dmaven.home=C:\Maven\bin\.. -Dlibrary.jansi.path=C:\Maven\bin\..\lib\jansi-native -Dmaven.multiModuleProjectDirectory=C:\Users\Maxime\Documents\IdeaProjects\Quests org.codehaus.plexus.classworlds.launcher.Launcher clean install

Host: AMD FX(tm)-8300 Eight-Core Processor           , 8 cores, 15G,  Windows 10 , 64 bit Build 19041 (10.0.19041.1348)
Time: Fri Dec 10 21:58:06 2021 Europe de l , 64 bit Build 19041 (10.0.19041.1348) elapsed time: 0.423089 seconds (0d 0h 0m 0s)

---------------  T H R E A D  ---------------

Current thread (0x000001a765f7b1d0):  JavaThread "main" [_thread_in_vm, id=22008, stack(0x0000004769100000,0x0000004769200000)]

Stack: [0x0000004769100000,0x0000004769200000]
Native frames: (J=compiled Java code, j=interpreted, Vv=VM code, C=native code)
V  [jvm.dll+0x6681ca]
V  [jvm.dll+0x7c9e69]
V  [jvm.dll+0x7cb61e]
V  [jvm.dll+0x7cbc73]
V  [jvm.dll+0x242c55]
V  [jvm.dll+0x7c64eb]
V  [jvm.dll+0x60ddd6]
V  [jvm.dll+0x60de3a]
V  [jvm.dll+0x61046a]
V  [jvm.dll+0x60e6d1]
V  [jvm.dll+0x618d97]
V  [jvm.dll+0x1e97ef]
V  [jvm.dll+0x1e9d25]
V  [jvm.dll+0x1ea8af]
V  [jvm.dll+0x1df631]
V  [jvm.dll+0x535ff8]
V  [jvm.dll+0x1f0d52]
V  [jvm.dll+0x741863]
V  [jvm.dll+0x743108]
V  [jvm.dll+0x743433]
V  [jvm.dll+0x23ab24]
V  [jvm.dll+0x23adc2]
V  [jvm.dll+0x551c68]
V  [jvm.dll+0x554ab0]
V  [jvm.dll+0x37999e]
V  [jvm.dll+0x378fdf]
C  0x000001a76eeeb12c

Java frames: (J=compiled Java code, j=interpreted, Vv=VM code)
j  sun.security.util.SecurityProperties.getOverridableProperty(Ljava/lang/String;)Ljava/lang/String;+10 java.base@16.0.2
j  sun.security.util.SecurityProperties.privilegedGetOverridable(Ljava/lang/String;)Ljava/lang/String;+7 java.base@16.0.2
j  sun.security.util.SecurityProperties.includedInExceptions(Ljava/lang/String;)Z+2 java.base@16.0.2
j  sun.security.util.SecurityProperties.<clinit>()V+2 java.base@16.0.2
v  ~StubRoutines::call_stub
j  sun.security.util.FilePermCompat.<clinit>()V+2 java.base@16.0.2
v  ~StubRoutines::call_stub
j  java.io.FilePermission.init(I)V+32 java.base@16.0.2
j  java.io.FilePermission.<init>(Ljava/lang/String;Ljava/lang/String;)V+10 java.base@16.0.2
j  sun.net.www.protocol.file.FileURLConnection.getPermission()Ljava/security/Permission;+95 java.base@16.0.2
j  java.net.URLClassLoader.getPermissions(Ljava/security/CodeSource;)Ljava/security/PermissionCollection;+19 java.base@16.0.2
j  java.security.SecureClassLoader$1.apply(Ljava/security/SecureClassLoader$CodeSourceKey;)Ljava/security/ProtectionDomain;+8 java.base@16.0.2
j  java.security.SecureClassLoader$1.apply(Ljava/lang/Object;)Ljava/lang/Object;+5 java.base@16.0.2
j  java.util.concurrent.ConcurrentHashMap.computeIfAbsent(Ljava/lang/Object;Ljava/util/function/Function;)Ljava/lang/Object;+115 java.base@16.0.2
j  java.security.SecureClassLoader.getProtectionDomain(Ljava/security/CodeSource;)Ljava/security/ProtectionDomain;+29 java.base@16.0.2
j  java.security.SecureClassLoader.defineClass(Ljava/lang/String;[BIILjava/security/CodeSource;)Ljava/lang/Class;+9 java.base@16.0.2
j  java.net.URLClassLoader.defineClass(Ljava/lang/String;Ljdk/internal/loader/Resource;)Ljava/lang/Class;+220 java.base@16.0.2
j  java.net.URLClassLoader$1.run()Ljava/lang/Class;+43 java.base@16.0.2
j  java.net.URLClassLoader$1.run()Ljava/lang/Object;+1 java.base@16.0.2
j  java.security.AccessController.executePrivileged(Ljava/security/PrivilegedExceptionAction;Ljava/security/AccessControlContext;Ljava/lang/Class;)Ljava/lang/Object;+29 java.base@16.0.2
j  java.security.AccessController.doPrivileged(Ljava/security/PrivilegedExceptionAction;Ljava/security/AccessControlContext;)Ljava/lang/Object;+13 java.base@16.0.2
j  java.net.URLClassLoader.findClass(Ljava/lang/String;)Ljava/lang/Class;+13 java.base@16.0.2
j  org.codehaus.plexus.classworlds.realm.ClassRealm.loadClassFromSelf(Ljava/lang/String;)Ljava/lang/Class;+20
j  org.codehaus.plexus.classworlds.strategy.SelfFirstStrategy.loadClass(Ljava/lang/String;)Ljava/lang/Class;+18
j  org.codehaus.plexus.classworlds.realm.ClassRealm.unsynchronizedLoadClass(Ljava/lang/String;Z)Ljava/lang/Class;+13
j  org.codehaus.plexus.classworlds.realm.ClassRealm.loadClass(Ljava/lang/String;Z)Ljava/lang/Class;+9
j  org.codehaus.plexus.classworlds.realm.ClassRealm.loadClass(Ljava/lang/String;)Ljava/lang/Class;+3
j  org.codehaus.plexus.classworlds.launcher.Launcher.getMainClass()Ljava/lang/Class;+8
j  org.codehaus.plexus.classworlds.launcher.Launcher.launchEnhanced([Ljava/lang/String;)V+6
j  org.codehaus.plexus.classworlds.launcher.Launcher.launch([Ljava/lang/String;)V+2
j  org.codehaus.plexus.classworlds.launcher.Launcher.mainWithExitCode([Ljava/lang/String;)I+101
j  org.codehaus.plexus.classworlds.launcher.Launcher.main([Ljava/lang/String;)V+1
v  ~StubRoutines::call_stub

---------------  P R O C E S S  ---------------

Threads class SMR info:
_java_thread_list=0x000001a70b9e5280, length=12, elements={
0x000001a765f7b1d0, 0x000001a70ad0b9f0, 0x000001a70ad0c8b0, 0x000001a70b8405f0,
0x000001a70b844110, 0x000001a70b87c5a0, 0x000001a70b87fd80, 0x000001a70b896d50,
0x000001a70b89fac0, 0x000001a70b8b4c00, 0x000001a70b8802d0, 0x000001a70b880820
}

Java Threads: ( => current thread )
=>0x000001a765f7b1d0 JavaThread "main" [_thread_in_vm, id=22008, stack(0x0000004769100000,0x0000004769200000)]
  0x000001a70ad0b9f0 JavaThread "Reference Handler" daemon [_thread_blocked, id=37004, stack(0x0000004769800000,0x0000004769900000)]
  0x000001a70ad0c8b0 JavaThread "Finalizer" daemon [_thread_blocked, id=34976, stack(0x0000004769900000,0x0000004769a00000)]
  0x000001a70b8405f0 JavaThread "Signal Dispatcher" daemon [_thread_blocked, id=15236, stack(0x0000004769a00000,0x0000004769b00000)]
  0x000001a70b844110 JavaThread "Attach Listener" daemon [_thread_blocked, id=34736, stack(0x0000004769b00000,0x0000004769c00000)]
  0x000001a70b87c5a0 JavaThread "Service Thread" daemon [_thread_blocked, id=18036, stack(0x0000004769c00000,0x0000004769d00000)]
  0x000001a70b87fd80 JavaThread "Monitor Deflation Thread" daemon [_thread_blocked, id=37516, stack(0x0000004769d00000,0x0000004769e00000)]
  0x000001a70b896d50 JavaThread "C2 CompilerThread0" daemon [_thread_blocked, id=33104, stack(0x0000004769e00000,0x0000004769f00000)]
  0x000001a70b89fac0 JavaThread "C1 CompilerThread0" daemon [_thread_blocked, id=29436, stack(0x0000004769f00000,0x000000476a000000)]
  0x000001a70b8b4c00 JavaThread "Sweeper thread" daemon [_thread_blocked, id=11700, stack(0x000000476a000000,0x000000476a100000)]
  0x000001a70b8802d0 JavaThread "Notification Thread" daemon [_thread_blocked, id=34356, stack(0x000000476a100000,0x000000476a200000)]
  0x000001a70b880820 JavaThread "Common-Cleaner" daemon [_thread_blocked, id=35412, stack(0x000000476a300000,0x000000476a400000)]

Other Threads:
  0x000001a70ad09e80 VMThread "VM Thread" [stack: 0x0000004769700000,0x0000004769800000] [id=33520]
  0x000001a70b992ee0 WatcherThread [stack: 0x000000476a200000,0x000000476a300000] [id=16372]
  0x000001a765fcba40 GCTaskThread "GC Thread#0" [stack: 0x0000004769200000,0x0000004769300000] [id=1224]
  0x000001a765fddee0 ConcurrentGCThread "G1 Main Marker" [stack: 0x0000004769300000,0x0000004769400000] [id=31692]
  0x000001a765fdf0f0 ConcurrentGCThread "G1 Conc#0" [stack: 0x0000004769400000,0x0000004769500000] [id=31124]
  0x000001a70ab944e0 ConcurrentGCThread "G1 Refine#0" [stack: 0x0000004769500000,0x0000004769600000] [id=15312]
  0x000001a76605bfe0 ConcurrentGCThread "G1 Service" [stack: 0x0000004769600000,0x0000004769700000] [id=3740]

Threads with active compile tasks:

VM state: not at safepoint (normal execution)

VM Mutex/Monitor currently owned by a thread:  ([mutex/lock_event])
[0x000001a765f76770] MetaspaceExpand_lock - owner thread: 0x000001a765f7b1d0

Heap address: 0x0000000700400000, size: 4092 MB, Compressed Oops mode: Zero based, Oop shift amount: 3

CDS disabled.
Compressed class space mapped at: 0x0000000800000000-0x0000000840000000, reserved size: 1073741824
Narrow klass base: 0x0000000800000000, Narrow klass shift: 0, Narrow klass range: 0x40000000

GC Precious Log:
 CPUs: 8 total, 8 available
 Memory: 16366M
 Large Page Support: Disabled
 NUMA Support: Disabled
 Compressed Oops: Enabled (Zero based)
 Heap Region Size: 2M
 Heap Min Capacity: 8M
 Heap Initial Capacity: 256M
 Heap Max Capacity: 4092M
 Pre-touch: Disabled
 Parallel Workers: 8
 Concurrent Workers: 2
 Concurrent Refinement Workers: 8
 Periodic GC: Disabled

Heap:
 garbage-first heap   total 262144K, used 2048K [0x0000000700400000, 0x0000000800000000)
  region size 2048K, 2 young (4096K), 0 survivors (0K)
 Metaspace       used 5032K, committed 5120K, reserved 1056768K
  class space    used 425K, committed 512K, reserved 1048576K

Heap Regions: E=young(eden), S=young(survivor), O=old, HS=humongous(starts), HC=humongous(continues), CS=collection set, F=free, OA=open archive, CA=closed archive, TAMS=top-at-mark-start (previous, next)
|   0|0x0000000700400000, 0x0000000700400000, 0x0000000700600000|  0%| F|  |TAMS 0x0000000700400000, 0x0000000700400000| Untracked 
|   1|0x0000000700600000, 0x0000000700600000, 0x0000000700800000|  0%| F|  |TAMS 0x0000000700600000, 0x0000000700600000| Untracked 
|   2|0x0000000700800000, 0x0000000700800000, 0x0000000700a00000|  0%| F|  |TAMS 0x0000000700800000, 0x0000000700800000| Untracked 
|   3|0x0000000700a00000, 0x0000000700a00000, 0x0000000700c00000|  0%| F|  |TAMS 0x0000000700a00000, 0x0000000700a00000| Untracked 
|   4|0x0000000700c00000, 0x0000000700c00000, 0x0000000700e00000|  0%| F|  |TAMS 0x0000000700c00000, 0x0000000700c00000| Untracked 
|   5|0x0000000700e00000, 0x0000000700e00000, 0x0000000701000000|  0%| F|  |TAMS 0x0000000700e00000, 0x0000000700e00000| Untracked 
|   6|0x0000000701000000, 0x0000000701000000, 0x0000000701200000|  0%| F|  |TAMS 0x0000000701000000, 0x0000000701000000| Untracked 
|   7|0x0000000701200000, 0x0000000701200000, 0x0000000701400000|  0%| F|  |TAMS 0x0000000701200000, 0x0000000701200000| Untracked 
|   8|0x0000000701400000, 0x0000000701400000, 0x0000000701600000|  0%| F|  |TAMS 0x0000000701400000, 0x0000000701400000| Untracked 
|   9|0x0000000701600000, 0x0000000701600000, 0x0000000701800000|  0%| F|  |TAMS 0x0000000701600000, 0x0000000701600000| Untracked 
|  10|0x0000000701800000, 0x0000000701800000, 0x0000000701a00000|  0%| F|  |TAMS 0x0000000701800000, 0x0000000701800000| Untracked 
|  11|0x0000000701a00000, 0x0000000701a00000, 0x0000000701c00000|  0%| F|  |TAMS 0x0000000701a00000, 0x0000000701a00000| Untracked 
|  12|0x0000000701c00000, 0x0000000701c00000, 0x0000000701e00000|  0%| F|  |TAMS 0x0000000701c00000, 0x0000000701c00000| Untracked 
|  13|0x0000000701e00000, 0x0000000701e00000, 0x0000000702000000|  0%| F|  |TAMS 0x0000000701e00000, 0x0000000701e00000| Untracked 
|  14|0x0000000702000000, 0x0000000702000000, 0x0000000702200000|  0%| F|  |TAMS 0x0000000702000000, 0x0000000702000000| Untracked 
|  15|0x0000000702200000, 0x0000000702200000, 0x0000000702400000|  0%| F|  |TAMS 0x0000000702200000, 0x0000000702200000| Untracked 
|  16|0x0000000702400000, 0x0000000702400000, 0x0000000702600000|  0%| F|  |TAMS 0x0000000702400000, 0x0000000702400000| Untracked 
|  17|0x0000000702600000, 0x0000000702600000, 0x0000000702800000|  0%| F|  |TAMS 0x0000000702600000, 0x0000000702600000| Untracked 
|  18|0x0000000702800000, 0x0000000702800000, 0x0000000702a00000|  0%| F|  |TAMS 0x0000000702800000, 0x0000000702800000| Untracked 
|  19|0x0000000702a00000, 0x0000000702a00000, 0x0000000702c00000|  0%| F|  |TAMS 0x0000000702a00000, 0x0000000702a00000| Untracked 
|  20|0x0000000702c00000, 0x0000000702c00000, 0x0000000702e00000|  0%| F|  |TAMS 0x0000000702c00000, 0x0000000702c00000| Untracked 
|  21|0x0000000702e00000, 0x0000000702e00000, 0x0000000703000000|  0%| F|  |TAMS 0x0000000702e00000, 0x0000000702e00000| Untracked 
|  22|0x0000000703000000, 0x0000000703000000, 0x0000000703200000|  0%| F|  |TAMS 0x0000000703000000, 0x0000000703000000| Untracked 
|  23|0x0000000703200000, 0x0000000703200000, 0x0000000703400000|  0%| F|  |TAMS 0x0000000703200000, 0x0000000703200000| Untracked 
|  24|0x0000000703400000, 0x0000000703400000, 0x0000000703600000|  0%| F|  |TAMS 0x0000000703400000, 0x0000000703400000| Untracked 
|  25|0x0000000703600000, 0x0000000703600000, 0x0000000703800000|  0%| F|  |TAMS 0x0000000703600000, 0x0000000703600000| Untracked 
|  26|0x0000000703800000, 0x0000000703800000, 0x0000000703a00000|  0%| F|  |TAMS 0x0000000703800000, 0x0000000703800000| Untracked 
|  27|0x0000000703a00000, 0x0000000703a00000, 0x0000000703c00000|  0%| F|  |TAMS 0x0000000703a00000, 0x0000000703a00000| Untracked 
|  28|0x0000000703c00000, 0x0000000703c00000, 0x0000000703e00000|  0%| F|  |TAMS 0x0000000703c00000, 0x0000000703c00000| Untracked 
|  29|0x0000000703e00000, 0x0000000703e00000, 0x0000000704000000|  0%| F|  |TAMS 0x0000000703e00000, 0x0000000703e00000| Untracked 
|  30|0x0000000704000000, 0x0000000704000000, 0x0000000704200000|  0%| F|  |TAMS 0x0000000704000000, 0x0000000704000000| Untracked 
|  31|0x0000000704200000, 0x0000000704200000, 0x0000000704400000|  0%| F|  |TAMS 0x0000000704200000, 0x0000000704200000| Untracked 
|  32|0x0000000704400000, 0x0000000704400000, 0x0000000704600000|  0%| F|  |TAMS 0x0000000704400000, 0x0000000704400000| Untracked 
|  33|0x0000000704600000, 0x0000000704600000, 0x0000000704800000|  0%| F|  |TAMS 0x0000000704600000, 0x0000000704600000| Untracked 
|  34|0x0000000704800000, 0x0000000704800000, 0x0000000704a00000|  0%| F|  |TAMS 0x0000000704800000, 0x0000000704800000| Untracked 
|  35|0x0000000704a00000, 0x0000000704a00000, 0x0000000704c00000|  0%| F|  |TAMS 0x0000000704a00000, 0x0000000704a00000| Untracked 
|  36|0x0000000704c00000, 0x0000000704c00000, 0x0000000704e00000|  0%| F|  |TAMS 0x0000000704c00000, 0x0000000704c00000| Untracked 
|  37|0x0000000704e00000, 0x0000000704e00000, 0x0000000705000000|  0%| F|  |TAMS 0x0000000704e00000, 0x0000000704e00000| Untracked 
|  38|0x0000000705000000, 0x0000000705000000, 0x0000000705200000|  0%| F|  |TAMS 0x0000000705000000, 0x0000000705000000| Untracked 
|  39|0x0000000705200000, 0x0000000705200000, 0x0000000705400000|  0%| F|  |TAMS 0x0000000705200000, 0x0000000705200000| Untracked 
|  40|0x0000000705400000, 0x0000000705400000, 0x0000000705600000|  0%| F|  |TAMS 0x0000000705400000, 0x0000000705400000| Untracked 
|  41|0x0000000705600000, 0x0000000705600000, 0x0000000705800000|  0%| F|  |TAMS 0x0000000705600000, 0x0000000705600000| Untracked 
|  42|0x0000000705800000, 0x0000000705800000, 0x0000000705a00000|  0%| F|  |TAMS 0x0000000705800000, 0x0000000705800000| Untracked 
|  43|0x0000000705a00000, 0x0000000705a00000, 0x0000000705c00000|  0%| F|  |TAMS 0x0000000705a00000, 0x0000000705a00000| Untracked 
|  44|0x0000000705c00000, 0x0000000705c00000, 0x0000000705e00000|  0%| F|  |TAMS 0x0000000705c00000, 0x0000000705c00000| Untracked 
|  45|0x0000000705e00000, 0x0000000705e00000, 0x0000000706000000|  0%| F|  |TAMS 0x0000000705e00000, 0x0000000705e00000| Untracked 
|  46|0x0000000706000000, 0x0000000706000000, 0x0000000706200000|  0%| F|  |TAMS 0x0000000706000000, 0x0000000706000000| Untracked 
|  47|0x0000000706200000, 0x0000000706200000, 0x0000000706400000|  0%| F|  |TAMS 0x0000000706200000, 0x0000000706200000| Untracked 
|  48|0x0000000706400000, 0x0000000706400000, 0x0000000706600000|  0%| F|  |TAMS 0x0000000706400000, 0x0000000706400000| Untracked 
|  49|0x0000000706600000, 0x0000000706600000, 0x0000000706800000|  0%| F|  |TAMS 0x0000000706600000, 0x0000000706600000| Untracked 
|  50|0x0000000706800000, 0x0000000706800000, 0x0000000706a00000|  0%| F|  |TAMS 0x0000000706800000, 0x0000000706800000| Untracked 
|  51|0x0000000706a00000, 0x0000000706a00000, 0x0000000706c00000|  0%| F|  |TAMS 0x0000000706a00000, 0x0000000706a00000| Untracked 
|  52|0x0000000706c00000, 0x0000000706c00000, 0x0000000706e00000|  0%| F|  |TAMS 0x0000000706c00000, 0x0000000706c00000| Untracked 
|  53|0x0000000706e00000, 0x0000000706e00000, 0x0000000707000000|  0%| F|  |TAMS 0x0000000706e00000, 0x0000000706e00000| Untracked 
|  54|0x0000000707000000, 0x0000000707000000, 0x0000000707200000|  0%| F|  |TAMS 0x0000000707000000, 0x0000000707000000| Untracked 
|  55|0x0000000707200000, 0x0000000707200000, 0x0000000707400000|  0%| F|  |TAMS 0x0000000707200000, 0x0000000707200000| Untracked 
|  56|0x0000000707400000, 0x0000000707400000, 0x0000000707600000|  0%| F|  |TAMS 0x0000000707400000, 0x0000000707400000| Untracked 
|  57|0x0000000707600000, 0x0000000707600000, 0x0000000707800000|  0%| F|  |TAMS 0x0000000707600000, 0x0000000707600000| Untracked 
|  58|0x0000000707800000, 0x0000000707800000, 0x0000000707a00000|  0%| F|  |TAMS 0x0000000707800000, 0x0000000707800000| Untracked 
|  59|0x0000000707a00000, 0x0000000707a00000, 0x0000000707c00000|  0%| F|  |TAMS 0x0000000707a00000, 0x0000000707a00000| Untracked 
|  60|0x0000000707c00000, 0x0000000707c00000, 0x0000000707e00000|  0%| F|  |TAMS 0x0000000707c00000, 0x0000000707c00000| Untracked 
|  61|0x0000000707e00000, 0x0000000707e00000, 0x0000000708000000|  0%| F|  |TAMS 0x0000000707e00000, 0x0000000707e00000| Untracked 
|  62|0x0000000708000000, 0x0000000708000000, 0x0000000708200000|  0%| F|  |TAMS 0x0000000708000000, 0x0000000708000000| Untracked 
|  63|0x0000000708200000, 0x0000000708200000, 0x0000000708400000|  0%| F|  |TAMS 0x0000000708200000, 0x0000000708200000| Untracked 
|  64|0x0000000708400000, 0x0000000708400000, 0x0000000708600000|  0%| F|  |TAMS 0x0000000708400000, 0x0000000708400000| Untracked 
|  65|0x0000000708600000, 0x0000000708600000, 0x0000000708800000|  0%| F|  |TAMS 0x0000000708600000, 0x0000000708600000| Untracked 
|  66|0x0000000708800000, 0x0000000708800000, 0x0000000708a00000|  0%| F|  |TAMS 0x0000000708800000, 0x0000000708800000| Untracked 
|  67|0x0000000708a00000, 0x0000000708a00000, 0x0000000708c00000|  0%| F|  |TAMS 0x0000000708a00000, 0x0000000708a00000| Untracked 
|  68|0x0000000708c00000, 0x0000000708c00000, 0x0000000708e00000|  0%| F|  |TAMS 0x0000000708c00000, 0x0000000708c00000| Untracked 
|  69|0x0000000708e00000, 0x0000000708e00000, 0x0000000709000000|  0%| F|  |TAMS 0x0000000708e00000, 0x0000000708e00000| Untracked 
|  70|0x0000000709000000, 0x0000000709000000, 0x0000000709200000|  0%| F|  |TAMS 0x0000000709000000, 0x0000000709000000| Untracked 
|  71|0x0000000709200000, 0x0000000709200000, 0x0000000709400000|  0%| F|  |TAMS 0x0000000709200000, 0x0000000709200000| Untracked 
|  72|0x0000000709400000, 0x0000000709400000, 0x0000000709600000|  0%| F|  |TAMS 0x0000000709400000, 0x0000000709400000| Untracked 
|  73|0x0000000709600000, 0x0000000709600000, 0x0000000709800000|  0%| F|  |TAMS 0x0000000709600000, 0x0000000709600000| Untracked 
|  74|0x0000000709800000, 0x0000000709800000, 0x0000000709a00000|  0%| F|  |TAMS 0x0000000709800000, 0x0000000709800000| Untracked 
|  75|0x0000000709a00000, 0x0000000709a00000, 0x0000000709c00000|  0%| F|  |TAMS 0x0000000709a00000, 0x0000000709a00000| Untracked 
|  76|0x0000000709c00000, 0x0000000709c00000, 0x0000000709e00000|  0%| F|  |TAMS 0x0000000709c00000, 0x0000000709c00000| Untracked 
|  77|0x0000000709e00000, 0x0000000709e00000, 0x000000070a000000|  0%| F|  |TAMS 0x0000000709e00000, 0x0000000709e00000| Untracked 
|  78|0x000000070a000000, 0x000000070a000000, 0x000000070a200000|  0%| F|  |TAMS 0x000000070a000000, 0x000000070a000000| Untracked 
|  79|0x000000070a200000, 0x000000070a200000, 0x000000070a400000|  0%| F|  |TAMS 0x000000070a200000, 0x000000070a200000| Untracked 
|  80|0x000000070a400000, 0x000000070a400000, 0x000000070a600000|  0%| F|  |TAMS 0x000000070a400000, 0x000000070a400000| Untracked 
|  81|0x000000070a600000, 0x000000070a600000, 0x000000070a800000|  0%| F|  |TAMS 0x000000070a600000, 0x000000070a600000| Untracked 
|  82|0x000000070a800000, 0x000000070a800000, 0x000000070aa00000|  0%| F|  |TAMS 0x000000070a800000, 0x000000070a800000| Untracked 
|  83|0x000000070aa00000, 0x000000070aa00000, 0x000000070ac00000|  0%| F|  |TAMS 0x000000070aa00000, 0x000000070aa00000| Untracked 
|  84|0x000000070ac00000, 0x000000070ac00000, 0x000000070ae00000|  0%| F|  |TAMS 0x000000070ac00000, 0x000000070ac00000| Untracked 
|  85|0x000000070ae00000, 0x000000070ae00000, 0x000000070b000000|  0%| F|  |TAMS 0x000000070ae00000, 0x000000070ae00000| Untracked 
|  86|0x000000070b000000, 0x000000070b000000, 0x000000070b200000|  0%| F|  |TAMS 0x000000070b000000, 0x000000070b000000| Untracked 
|  87|0x000000070b200000, 0x000000070b200000, 0x000000070b400000|  0%| F|  |TAMS 0x000000070b200000, 0x000000070b200000| Untracked 
|  88|0x000000070b400000, 0x000000070b400000, 0x000000070b600000|  0%| F|  |TAMS 0x000000070b400000, 0x000000070b400000| Untracked 
|  89|0x000000070b600000, 0x000000070b600000, 0x000000070b800000|  0%| F|  |TAMS 0x000000070b600000, 0x000000070b600000| Untracked 
|  90|0x000000070b800000, 0x000000070b800000, 0x000000070ba00000|  0%| F|  |TAMS 0x000000070b800000, 0x000000070b800000| Untracked 
|  91|0x000000070ba00000, 0x000000070ba00000, 0x000000070bc00000|  0%| F|  |TAMS 0x000000070ba00000, 0x000000070ba00000| Untracked 
|  92|0x000000070bc00000, 0x000000070bc00000, 0x000000070be00000|  0%| F|  |TAMS 0x000000070bc00000, 0x000000070bc00000| Untracked 
|  93|0x000000070be00000, 0x000000070be00000, 0x000000070c000000|  0%| F|  |TAMS 0x000000070be00000, 0x000000070be00000| Untracked 
|  94|0x000000070c000000, 0x000000070c000000, 0x000000070c200000|  0%| F|  |TAMS 0x000000070c000000, 0x000000070c000000| Untracked 
|  95|0x000000070c200000, 0x000000070c200000, 0x000000070c400000|  0%| F|  |TAMS 0x000000070c200000, 0x000000070c200000| Untracked 
|  96|0x000000070c400000, 0x000000070c400000, 0x000000070c600000|  0%| F|  |TAMS 0x000000070c400000, 0x000000070c400000| Untracked 
|  97|0x000000070c600000, 0x000000070c600000, 0x000000070c800000|  0%| F|  |TAMS 0x000000070c600000, 0x000000070c600000| Untracked 
|  98|0x000000070c800000, 0x000000070c800000, 0x000000070ca00000|  0%| F|  |TAMS 0x000000070c800000, 0x000000070c800000| Untracked 
|  99|0x000000070ca00000, 0x000000070ca00000, 0x000000070cc00000|  0%| F|  |TAMS 0x000000070ca00000, 0x000000070ca00000| Untracked 
| 100|0x000000070cc00000, 0x000000070cc00000, 0x000000070ce00000|  0%| F|  |TAMS 0x000000070cc00000, 0x000000070cc00000| Untracked 
| 101|0x000000070ce00000, 0x000000070ce00000, 0x000000070d000000|  0%| F|  |TAMS 0x000000070ce00000, 0x000000070ce00000| Untracked 
| 102|0x000000070d000000, 0x000000070d000000, 0x000000070d200000|  0%| F|  |TAMS 0x000000070d000000, 0x000000070d000000| Untracked 
| 103|0x000000070d200000, 0x000000070d200000, 0x000000070d400000|  0%| F|  |TAMS 0x000000070d200000, 0x000000070d200000| Untracked 
| 104|0x000000070d400000, 0x000000070d400000, 0x000000070d600000|  0%| F|  |TAMS 0x000000070d400000, 0x000000070d400000| Untracked 
| 105|0x000000070d600000, 0x000000070d600000, 0x000000070d800000|  0%| F|  |TAMS 0x000000070d600000, 0x000000070d600000| Untracked 
| 106|0x000000070d800000, 0x000000070d800000, 0x000000070da00000|  0%| F|  |TAMS 0x000000070d800000, 0x000000070d800000| Untracked 
| 107|0x000000070da00000, 0x000000070da00000, 0x000000070dc00000|  0%| F|  |TAMS 0x000000070da00000, 0x000000070da00000| Untracked 
| 108|0x000000070dc00000, 0x000000070dc00000, 0x000000070de00000|  0%| F|  |TAMS 0x000000070dc00000, 0x000000070dc00000| Untracked 
| 109|0x000000070de00000, 0x000000070de00000, 0x000000070e000000|  0%| F|  |TAMS 0x000000070de00000, 0x000000070de00000| Untracked 
| 110|0x000000070e000000, 0x000000070e000000, 0x000000070e200000|  0%| F|  |TAMS 0x000000070e000000, 0x000000070e000000| Untracked 
| 111|0x000000070e200000, 0x000000070e200000, 0x000000070e400000|  0%| F|  |TAMS 0x000000070e200000, 0x000000070e200000| Untracked 
| 112|0x000000070e400000, 0x000000070e400000, 0x000000070e600000|  0%| F|  |TAMS 0x000000070e400000, 0x000000070e400000| Untracked 
| 113|0x000000070e600000, 0x000000070e600000, 0x000000070e800000|  0%| F|  |TAMS 0x000000070e600000, 0x000000070e600000| Untracked 
| 114|0x000000070e800000, 0x000000070e800000, 0x000000070ea00000|  0%| F|  |TAMS 0x000000070e800000, 0x000000070e800000| Untracked 
| 115|0x000000070ea00000, 0x000000070ea00000, 0x000000070ec00000|  0%| F|  |TAMS 0x000000070ea00000, 0x000000070ea00000| Untracked 
| 116|0x000000070ec00000, 0x000000070ec00000, 0x000000070ee00000|  0%| F|  |TAMS 0x000000070ec00000, 0x000000070ec00000| Untracked 
| 117|0x000000070ee00000, 0x000000070ee00000, 0x000000070f000000|  0%| F|  |TAMS 0x000000070ee00000, 0x000000070ee00000| Untracked 
| 118|0x000000070f000000, 0x000000070f000000, 0x000000070f200000|  0%| F|  |TAMS 0x000000070f000000, 0x000000070f000000| Untracked 
| 119|0x000000070f200000, 0x000000070f200000, 0x000000070f400000|  0%| F|  |TAMS 0x000000070f200000, 0x000000070f200000| Untracked 
| 120|0x000000070f400000, 0x000000070f400000, 0x000000070f600000|  0%| F|  |TAMS 0x000000070f400000, 0x000000070f400000| Untracked 
| 121|0x000000070f600000, 0x000000070f600000, 0x000000070f800000|  0%| F|  |TAMS 0x000000070f600000, 0x000000070f600000| Untracked 
| 122|0x000000070f800000, 0x000000070f800000, 0x000000070fa00000|  0%| F|  |TAMS 0x000000070f800000, 0x000000070f800000| Untracked 
| 123|0x000000070fa00000, 0x000000070fa00000, 0x000000070fc00000|  0%| F|  |TAMS 0x000000070fa00000, 0x000000070fa00000| Untracked 
| 124|0x000000070fc00000, 0x000000070fc00000, 0x000000070fe00000|  0%| F|  |TAMS 0x000000070fc00000, 0x000000070fc00000| Untracked 
| 125|0x000000070fe00000, 0x000000070fe00000, 0x0000000710000000|  0%| F|  |TAMS 0x000000070fe00000, 0x000000070fe00000| Untracked 
| 126|0x0000000710000000, 0x00000007100a22d0, 0x0000000710200000| 31%| E|  |TAMS 0x0000000710000000, 0x0000000710000000| Complete 
| 127|0x0000000710200000, 0x0000000710400000, 0x0000000710400000|100%| E|CS|TAMS 0x0000000710200000, 0x0000000710200000| Complete 

Card table byte_map: [0x000001a77f140000,0x000001a77f940000] _byte_map_base: 0x000001a77b93e000

Marking Bits (Prev, Next): (CMBitMap*) 0x000001a765fcc140, (CMBitMap*) 0x000001a765fcc180
 Prev Bits: [0x000001a700800000, 0x000001a7047f0000)
 Next Bits: [0x000001a7047f0000, 0x000001a7087e0000)

Polling page: 0x000001a76eeb0000

Metaspace:

Usage:
  Non-class:      4.50 MB used.
      Class:    425.96 KB used.
       Both:      4.91 MB used.

Virtual space:
  Non-class space:        8.00 MB reserved,       4.50 MB ( 56%) committed,  1 nodes.
      Class space:        1.00 GB reserved,     512.00 KB ( <1%) committed,  1 nodes.
              Both:        1.01 GB reserved,       5.00 MB ( <1%) committed. 

Chunk freelists:
   Non-Class:  2.94 MB
       Class:  3.55 MB
        Both:  6.48 MB

MaxMetaspaceSize: 17179869184.00 GB
CompressedClassSpaceSize: 1.00 GB
 - commit_granule_bytes: 65536.
 - commit_granule_words: 8192.
 - virtual_space_node_default_size: 1048576.
 - enlarge_chunks_in_place: 1.
 - new_chunks_are_fully_committed: 0.
 - uncommit_free_chunks: 1.
 - use_allocation_guard: 0.
 - handle_deallocations: 1.


Internal statistics:

num_allocs_failed_limit: 0.
num_arena_births: 4.
num_arena_deaths: 0.
num_vsnodes_births: 2.
num_vsnodes_deaths: 0.
num_space_committed: 80.
num_space_uncommitted: 0.
num_chunks_returned_to_freelist: 0.
num_chunks_taken_from_freelist: 14.
num_chunk_merges: 0.
num_chunk_splits: 6.
num_chunks_enlarged: 6.
num_purges: 0.

CodeHeap 'non-profiled nmethods': size=120000Kb used=25Kb max_used=25Kb free=119974Kb
 bounds [0x000001a7769a0000, 0x000001a776c10000, 0x000001a77ded0000]
CodeHeap 'profiled nmethods': size=120000Kb used=210Kb max_used=210Kb free=119789Kb
 bounds [0x000001a76f470000, 0x000001a76f6e0000, 0x000001a7769a0000]
CodeHeap 'non-nmethods': size=5760Kb used=1058Kb max_used=1071Kb free=4701Kb
 bounds [0x000001a76eed0000, 0x000001a76f140000, 0x000001a76f470000]
 total_blobs=462 nmethods=148 adapters=228
 compilation: enabled
              stopped_count=0, restarted_count=0
 full_count=0

Compilation events (20 events):
Event: 0.405 Thread 0x000001a70b89fac0 nmethod 141 0x000001a76f4a1f10 code [0x000001a76f4a20e0, 0x000001a76f4a2428]
Event: 0.406 Thread 0x000001a70b896d50 nmethod 138 0x000001a7769a5190 code [0x000001a7769a5320, 0x000001a7769a5538]
Event: 0.406 Thread 0x000001a70b896d50  139       4       java.util.zip.ZipCoder$UTF8ZipCoder::normalizedHash (90 bytes)
Event: 0.406 Thread 0x000001a70b89fac0  142       3       java.util.Objects::requireNonNull (15 bytes)
Event: 0.406 Thread 0x000001a70b89fac0 nmethod 142 0x000001a76f4a2590 code [0x000001a76f4a2740, 0x000001a76f4a2928]
Event: 0.406 Thread 0x000001a70b89fac0  143       1       java.io.File::getPath (5 bytes)
Event: 0.406 Thread 0x000001a70b89fac0 nmethod 143 0x000001a7769a5610 code [0x000001a7769a57a0, 0x000001a7769a5878]
Event: 0.407 Thread 0x000001a70b89fac0  144       3       java.lang.ref.Reference::reachabilityFence (1 bytes)
Event: 0.408 Thread 0x000001a70b89fac0 nmethod 144 0x000001a76f4a2a10 code [0x000001a76f4a2ba0, 0x000001a76f4a2c98]
Event: 0.408 Thread 0x000001a70b89fac0  145       3       java.lang.AbstractStringBuilder::<init> (39 bytes)
Event: 0.408 Thread 0x000001a70b89fac0 nmethod 145 0x000001a76f4a2d10 code [0x000001a76f4a2ec0, 0x000001a76f4a3158]
Event: 0.408 Thread 0x000001a70b89fac0  146       3       java.lang.StringBuilder::toString (35 bytes)
Event: 0.408 Thread 0x000001a70b89fac0 nmethod 146 0x000001a76f4a3210 code [0x000001a76f4a33e0, 0x000001a76f4a36b8]
Event: 0.410 Thread 0x000001a70b896d50 nmethod 139 0x000001a7769a5910 code [0x000001a7769a5aa0, 0x000001a7769a5dd8]
Event: 0.411 Thread 0x000001a70b896d50  147       4       java.lang.StringLatin1::canEncode (13 bytes)
Event: 0.411 Thread 0x000001a70b896d50 nmethod 147 0x000001a7769a5f90 code [0x000001a7769a6100, 0x000001a7769a6178]
Event: 0.411 Thread 0x000001a70b896d50  140       4       java.util.zip.ZipFile$Source::addEntry (33 bytes)
Event: 0.412 Thread 0x000001a70b896d50 nmethod 140 0x000001a7769a6290 code [0x000001a7769a6420, 0x000001a7769a6538]
Event: 0.413 Thread 0x000001a70b89fac0  148       3       java.lang.StringLatin1::toLowerCase (186 bytes)
Event: 0.414 Thread 0x000001a70b89fac0 nmethod 148 0x000001a76f4a3790 code [0x000001a76f4a3a20, 0x000001a76f4a4578]

GC Heap History (0 events):
No events

Deoptimization events (0 events):
No events

Classes unloaded (0 events):
No events

Classes redefined (0 events):
No events

Internal exceptions (0 events):
No events

Events (20 events):
Event: 0.395 loading class jdk/internal/loader/URLClassPath$FileLoader done
Event: 0.415 loading class sun/net/www/protocol/file/FileURLConnection
Event: 0.415 loading class sun/net/www/URLConnection
Event: 0.415 loading class java/net/URLConnection
Event: 0.415 loading class java/net/URLConnection done
Event: 0.415 loading class sun/net/www/URLConnection done
Event: 0.415 loading class sun/net/www/protocol/file/FileURLConnection done
Event: 0.416 loading class sun/net/www/MessageHeader
Event: 0.416 loading class sun/net/www/MessageHeader done
Event: 0.416 loading class java/io/FilePermission
Event: 0.416 loading class java/io/FilePermission done
Event: 0.417 loading class java/io/FilePermission$1
Event: 0.417 loading class jdk/internal/access/JavaIOFilePermissionAccess
Event: 0.417 loading class jdk/internal/access/JavaIOFilePermissionAccess done
Event: 0.417 loading class java/io/FilePermission$1 done
Event: 0.417 loading class sun/security/util/FilePermCompat
Event: 0.417 loading class sun/security/util/FilePermCompat done
Event: 0.417 loading class sun/security/util/SecurityProperties
Event: 0.417 loading class sun/security/util/SecurityProperties done
Event: 0.417 loading class java/security/Security


Dynamic libraries:
0x00007ff665b50000 - 0x00007ff665b60000 	C:\Program Files\Java\jdk-16.0.2\bin\java.exe
0x00007ffbaf290000 - 0x00007ffbaf485000 	C:\WINDOWS\SYSTEM32\ntdll.dll
0x00007ffbadfd0000 - 0x00007ffbae08e000 	C:\WINDOWS\System32\KERNEL32.DLL
0x00007ffbacef0000 - 0x00007ffbad1b8000 	C:\WINDOWS\System32\KERNELBASE.dll
0x00007ffbacad0000 - 0x00007ffbacbd0000 	C:\WINDOWS\System32\ucrtbase.dll
0x00007ffba6bb0000 - 0x00007ffba6bc9000 	C:\Program Files\Java\jdk-16.0.2\bin\VCRUNTIME140.dll
0x00007ffba3ad0000 - 0x00007ffba3ae8000 	C:\Program Files\Java\jdk-16.0.2\bin\jli.dll
0x00007ffbad860000 - 0x00007ffbad90c000 	C:\WINDOWS\System32\ADVAPI32.dll
0x00007ffbad520000 - 0x00007ffbad5be000 	C:\WINDOWS\System32\msvcrt.dll
0x00007ffbade60000 - 0x00007ffbadefb000 	C:\WINDOWS\System32\sechost.dll
0x00007ffbae090000 - 0x00007ffbae1ba000 	C:\WINDOWS\System32\RPCRT4.dll
0x00007ffbae1c0000 - 0x00007ffbae361000 	C:\WINDOWS\System32\USER32.dll
0x00007ffba6460000 - 0x00007ffba66fa000 	C:\WINDOWS\WinSxS\amd64_microsoft.windows.common-controls_6595b64144ccf1df_6.0.19041.1110_none_60b5254171f9507e\COMCTL32.dll
0x00007ffbacaa0000 - 0x00007ffbacac2000 	C:\WINDOWS\System32\win32u.dll
0x00007ffbad7b0000 - 0x00007ffbad7db000 	C:\WINDOWS\System32\GDI32.dll
0x00007ffbacc80000 - 0x00007ffbacd8b000 	C:\WINDOWS\System32\gdi32full.dll
0x00007ffbad240000 - 0x00007ffbad2dd000 	C:\WINDOWS\System32\msvcp_win.dll
0x00007ffbaa9b0000 - 0x00007ffbaa9ba000 	C:\WINDOWS\SYSTEM32\VERSION.dll
0x00007ffbad4f0000 - 0x00007ffbad520000 	C:\WINDOWS\System32\IMM32.DLL
0x00007ffba76b0000 - 0x00007ffba76bc000 	C:\Program Files\Java\jdk-16.0.2\bin\vcruntime140_1.dll
0x00007ffb80980000 - 0x00007ffb80a11000 	C:\Program Files\Java\jdk-16.0.2\bin\msvcp140.dll
0x00007ffb58400000 - 0x00007ffb58fab000 	C:\Program Files\Java\jdk-16.0.2\bin\server\jvm.dll
0x00007ffbade50000 - 0x00007ffbade58000 	C:\WINDOWS\System32\PSAPI.DLL
0x00007ffb90c80000 - 0x00007ffb90c89000 	C:\WINDOWS\SYSTEM32\WSOCK32.dll
0x00007ffba2600000 - 0x00007ffba2627000 	C:\WINDOWS\SYSTEM32\WINMM.dll
0x00007ffbadf60000 - 0x00007ffbadfcb000 	C:\WINDOWS\System32\WS2_32.dll
0x00007ffbab250000 - 0x00007ffbab262000 	C:\WINDOWS\SYSTEM32\kernel.appcore.dll
0x00007ffba7630000 - 0x00007ffba763a000 	C:\Program Files\Java\jdk-16.0.2\bin\jimage.dll
0x00007ffb8fe10000 - 0x00007ffb8fff4000 	C:\WINDOWS\SYSTEM32\DBGHELP.DLL
0x00007ffb8e2b0000 - 0x00007ffb8e2dc000 	C:\WINDOWS\SYSTEM32\dbgcore.DLL
0x00007ffbac9b0000 - 0x00007ffbaca33000 	C:\WINDOWS\System32\bcryptPrimitives.dll
0x00007ffb97030000 - 0x00007ffb97055000 	C:\Program Files\Java\jdk-16.0.2\bin\java.dll
0x00007ffbaeb10000 - 0x00007ffbaf24f000 	C:\WINDOWS\System32\SHELL32.dll
0x00007ffbaaab0000 - 0x00007ffbab240000 	C:\WINDOWS\SYSTEM32\windows.storage.dll
0x00007ffbae380000 - 0x00007ffbae6d5000 	C:\WINDOWS\System32\combase.dll
0x00007ffbac330000 - 0x00007ffbac35e000 	C:\WINDOWS\SYSTEM32\Wldp.dll
0x00007ffbaea50000 - 0x00007ffbaeafd000 	C:\WINDOWS\System32\SHCORE.dll
0x00007ffbaddf0000 - 0x00007ffbade45000 	C:\WINDOWS\System32\shlwapi.dll
0x00007ffbac8f0000 - 0x00007ffbac90f000 	C:\WINDOWS\SYSTEM32\profapi.dll
0x00007ffb9e310000 - 0x00007ffb9e329000 	C:\Program Files\Java\jdk-16.0.2\bin\net.dll
0x00007ffba3d80000 - 0x00007ffba3e8c000 	C:\WINDOWS\SYSTEM32\WINHTTP.dll
0x00007ffbac090000 - 0x00007ffbac0fa000 	C:\WINDOWS\system32\mswsock.dll
0x00007ffb9d2a0000 - 0x00007ffb9d2b3000 	C:\Program Files\Java\jdk-16.0.2\bin\nio.dll
0x00007ffb9d230000 - 0x00007ffb9d248000 	C:\Program Files\Java\jdk-16.0.2\bin\zip.dll

dbghelp: loaded successfully - version: 4.0.5 - missing functions: none
symbol engine: initialized successfully - sym options: 0x614 - pdb path: .;C:\Program Files\Java\jdk-16.0.2\bin;C:\WINDOWS\SYSTEM32;C:\WINDOWS\WinSxS\amd64_microsoft.windows.common-controls_6595b64144ccf1df_6.0.19041.1110_none_60b5254171f9507e;C:\Program Files\Java\jdk-16.0.2\bin\server

VM Arguments:
jvm_args: -Dclassworlds.conf=C:\Maven\bin\..\bin\m2.conf -Dmaven.home=C:\Maven\bin\.. -Dlibrary.jansi.path=C:\Maven\bin\..\lib\jansi-native -Dmaven.multiModuleProjectDirectory=C:\Users\Maxime\Documents\IdeaProjects\Quests 
java_command: org.codehaus.plexus.classworlds.launcher.Launcher clean install
java_class_path (initial): C:\Maven\bin\..\boot\plexus-classworlds-2.6.0.jar
Launcher Type: SUN_STANDARD

[Global flags]
     intx CICompilerCount                          = 4                                         {product} {ergonomic}
     uint ConcGCThreads                            = 2                                         {product} {ergonomic}
     uint G1ConcRefinementThreads                  = 8                                         {product} {ergonomic}
   size_t G1HeapRegionSize                         = 2097152                                   {product} {ergonomic}
    uintx GCDrainStackTargetSize                   = 64                                        {product} {ergonomic}
   size_t InitialHeapSize                          = 268435456                                 {product} {ergonomic}
   size_t MarkStackSize                            = 4194304                                   {product} {ergonomic}
   size_t MaxHeapSize                              = 4290772992                                {product} {ergonomic}
   size_t MaxNewSize                               = 2573205504                                {product} {ergonomic}
   size_t MinHeapDeltaBytes                        = 2097152                                   {product} {ergonomic}
   size_t MinHeapSize                              = 8388608                                   {product} {ergonomic}
    uintx NonNMethodCodeHeapSize                   = 5839372                                {pd product} {ergonomic}
    uintx NonProfiledCodeHeapSize                  = 122909434                              {pd product} {ergonomic}
    uintx ProfiledCodeHeapSize                     = 122909434                              {pd product} {ergonomic}
    uintx ReservedCodeCacheSize                    = 251658240                              {pd product} {ergonomic}
     bool SegmentedCodeCache                       = true                                      {product} {ergonomic}
   size_t SoftMaxHeapSize                          = 4290772992                             {manageable} {ergonomic}
     bool UseCompressedClassPointers               = true                           {product lp64_product} {ergonomic}
     bool UseCompressedOops                        = true                           {product lp64_product} {ergonomic}
     bool UseG1GC                                  = true                                      {product} {ergonomic}
     bool UseLargePagesIndividualAllocation        = false                                  {pd product} {ergonomic}

Logging:
Log output configuration:
 #0: stdout all=warning uptime,level,tags
 #1: stderr all=off uptime,level,tags

Environment Variables:
JAVA_HOME=C:\Program Files\Java\jdk-16.0.2
PATH=C:\Program Files\Common Files\Oracle\Java\javapath;C:\Program Files\AdoptOpenJDK\jdk-16.0.1.9-hotspot\bin;C:\Program Files (x86)\Razer Chroma SDK\bin;C:\Program Files\Razer Chroma SDK\bin;C:\Program Files (x86)\Razer\ChromaBroadcast\bin;C:\Program Files\Razer\ChromaBroadcast\bin;C:\Program Files (x86)\Common Files\Oracle\Java\javapath;C:\WINDOWS\system32;C:\WINDOWS;C:\WINDOWS\System32\Wbem;C:\WINDOWS\System32\WindowsPowerShell\v1.0\;C:\WINDOWS\System32\OpenSSH\;C:\Gradle\bin;C:\Maven\bin;C:\Program Files\PuTTY\;C:\Program Files\dotnet\;C:\msys64\mingw64\bin;C:\Users\Maxime\AppData\Local\Microsoft\WindowsApps;C:\Users\Maxime\.dotnet\tools;C:\WINDOWS\system32;C:\WINDOWS;C:\WINDOWS\System32\Wbem;C:\WINDOWS\System32\WindowsPowerShell\v1.0\;C:\WINDOWS\System32\OpenSSH\;C:\wamp64\bin\php\php7.3.21;C:\composer;C:\Program Files\nodejs\;C:\Program Files (x86)\NVIDIA Corporation\PhysX\Common;C:\Program Files\NVIDIA Corporation\NVIDIA NvDLISR;C:\Program Files\Git\cmd;C:\Users\Maxime\AppData\Local\Programs\Python\Python38-32\Scripts\;C:\Users\Maxime\AppData\Local\Programs\Python\Python38-32\;C:\Program Files\CMake\bin;C:\Users\Maxime\AppData\Local\Programs\Microsoft VS Code\bin;C:\Program Files (x86)\Nmap;C:\Users\Maxime\AppData\Roaming\Composer\vendor\bin;C:\Users\Maxime\AppData\Roaming\npm;C:\Users\Maxime\AppData\Local\Programs\Python\Python310
USERNAME=Maxime
OS=Windows_NT
PROCESSOR_IDENTIFIER=AMD64 Family 21 Model 2 Stepping 0, AuthenticAMD



---------------  S Y S T E M  ---------------

OS:
 Windows 10 , 64 bit Build 19041 (10.0.19041.1348)
OS uptime: 6 days 0:12 hours

CPU: total 8 (initial active 8) (8 cores per cpu, 1 threads per core) family 21 model 2 stepping 0 microcode 0x0, cx8, cmov, fxsr, mmx, 3dnowpref, sse, sse2, sse3, ssse3, sse4a, sse4.1, sse4.2, popcnt, lzcnt, tsc, tscinvbit, avx, aes, clmul, bmi1, fma, vzeroupper, clflush

Memory: 4k page, system-wide physical 16366M (5727M free)
TotalPageFile size 18366M (AvailPageFile size 3M)
current process WorkingSet (physical memory assigned to process): 30M, peak: 30M
current process commit charge ("private bytes"): 337M, peak: 338M

vm_info: Java HotSpot(TM) 64-Bit Server VM (16.0.2+7-67) for windows-amd64 JRE (16.0.2+7-67), built on Jun  8 2021 23:24:19 by "mach5one" with MS VC++ 16.7 (VS2019)

END.
